[debug] [2019-03-07T11:01:37.969Z] ----------------------------------------------------------------------
[debug] [2019-03-07T11:01:37.973Z] Command:       C:\Program Files\nodejs\node.exe C:\Users\PC\AppData\Roaming\npm\node_modules\firebase-tools\lib\bin\firebase.js init
[debug] [2019-03-07T11:01:37.974Z] CLI Version:   6.4.0
[debug] [2019-03-07T11:01:37.974Z] Platform:      win32
[debug] [2019-03-07T11:01:37.974Z] Node Version:  v10.13.0
[debug] [2019-03-07T11:01:37.975Z] Time:          Thu Mar 07 2019 16:31:37 GMT+0530 (India Standard Time)
[debug] [2019-03-07T11:01:37.975Z] ----------------------------------------------------------------------
[debug] 
[debug] [2019-03-07T11:01:37.987Z] > command requires scopes: ["email","openid","https://www.googleapis.com/auth/cloudplatformprojects.readonly","https://www.googleapis.com/auth/firebase","https://www.googleapis.com/auth/cloud-platform"]
[debug] [2019-03-07T11:01:37.988Z] > authorizing via signed-in user
[info] 
     ######## #### ########  ######## ########     ###     ######  ########
     ##        ##  ##     ## ##       ##     ##  ##   ##  ##       ##
     ######    ##  ########  ######   ########  #########  ######  ######
     ##        ##  ##    ##  ##       ##     ## ##     ##       ## ##
     ##       #### ##     ## ######## ########  ##     ##  ######  ########

You're about to initialize a Firebase project in this directory:

  E:\wampinfotech\angularApp\pockemon-api

Before we get started, keep in mind:

  * You are initializing in an existing Firebase project directory

